Arguments: 
  /usr/local/bin/node /usr/local/Cellar/yarn/1.16.0/libexec/bin/yarn.js add jsonwebtoken

PATH: 
  /usr/local/bin:/usr/bin:/bin:/usr/sbin:/sbin

Yarn version: 
  1.16.0

Node version: 
  11.11.0

Platform: 
  darwin x64

Trace: 
  Error: getaddrinfo ENOTFOUND registry.yarnpkg.com registry.yarnpkg.com:443
      at GetAddrInfoReqWrap.onlookup [as oncomplete] (dns.js:58:26)

npm manifest: 
  {
    "name": "email-api-service",
    "version": "1.0.0",
    "description": "a backend api service that is pluggable for sending email services",
    "main": "index.js",
    "scripts": {
      "test": "jest",
      "start": "node index.js",
      "start:dev": "nodemon index.js"
    },
    "repository": {
      "type": "git",
      "url": "git+https://github.com/Tyav/emailing-api.git"
    },
    "keywords": [
      "email",
      "api",
      "service",
      "backend",
      "pluggable"
    ],
    "author": "Moses Tyav",
    "license": "MIT",
    "bugs": {
      "url": "https://github.com/Tyav/emailing-api/issues"
    },
    "homepage": "https://github.com/Tyav/emailing-api#readme",
    "dependencies": {
      "body-parser": "^1.19.0",
      "cors": "^2.8.5",
      "dotenv": "^8.0.0",
      "express": "^4.17.1",
      "joi": "^14.3.1",
      "mongoose": "^5.5.15",
      "nodemon": "^1.19.1"
    }
  }

yarn manifest: 
  No manifest

Lockfile: 
  No lockfile
